# JRE version: Java(TM) SE Runtime Environment (8.0_131-b11) (build 1.8.0_131-b11)
# Java VM: Java HotSpot(TM) 64-Bit Server VM (25.131-b11 mixed mode windows-amd64 compressed oops)
Heap:
 PSYoungGen      total 60416K, used 21641K [0x00000000f5580000, 0x00000000fa800000, 0x0000000100000000)
  eden space 37376K, 15% used [0x00000000f5580000,0x00000000f5b3c5c0,0x00000000f7a00000)
  from space 23040K, 68% used [0x00000000f7a80000,0x00000000f89e6218,0x00000000f9100000)
  to   space 23552K, 0% used [0x00000000f9100000,0x00000000f9100000,0x00000000fa800000)
 ParOldGen       total 67584K, used 23283K [0x00000000e0000000, 0x00000000e4200000, 0x00000000f5580000)
  object space 67584K, 34% used [0x00000000e0000000,0x00000000e16bcfc0,0x00000000e4200000)
 Metaspace       used 71325K, capacity 78780K, committed 79104K, reserved 1118208K
  class space    used 8788K, capacity 10896K, committed 11008K, reserved 1048576K
GC Heap History (10 events):
Event: 717.824 GC heap before
{Heap before GC invocations=26 (full 3):
 PSYoungGen      total 58368K, used 55336K [0x00000000f5580000, 0x00000000fa280000, 0x0000000100000000)
  eden space 39936K, 100% used [0x00000000f5580000,0x00000000f7c80000,0x00000000f7c80000)
  from space 18432K, 83% used [0x00000000f8f80000,0x00000000f9e8a280,0x00000000fa180000)
  to   space 19456K, 0% used [0x00000000f7c80000,0x00000000f7c80000,0x00000000f8f80000)
 ParOldGen       total 67584K, used 23251K [0x00000000e0000000, 0x00000000e4200000, 0x00000000f5580000)
  object space 67584K, 34% used [0x00000000e0000000,0x00000000e16b4fc0,0x00000000e4200000)
 Metaspace       used 70520K, capacity 78094K, committed 78208K, reserved 1116160K
  class space    used 8744K, capacity 10823K, committed 10880K, reserved 1048576K
Event: 717.834 GC heap after
Heap after GC invocations=26 (full 3):
 PSYoungGen      total 58880K, used 17503K [0x00000000f5580000, 0x00000000fa600000, 0x0000000100000000)
  eden space 39424K, 0% used [0x00000000f5580000,0x00000000f5580000,0x00000000f7c00000)
  from space 19456K, 89% used [0x00000000f7c80000,0x00000000f8d97e80,0x00000000f8f80000)
  to   space 21504K, 0% used [0x00000000f9100000,0x00000000f9100000,0x00000000fa600000)
 ParOldGen       total 67584K, used 23259K [0x00000000e0000000, 0x00000000e4200000, 0x00000000f5580000)
  object space 67584K, 34% used [0x00000000e0000000,0x00000000e16b6fc0,0x00000000e4200000)
 Metaspace       used 70520K, capacity 78094K, committed 78208K, reserved 1116160K
  class space    used 8744K, capacity 10823K, committed 10880K, reserved 1048576K
}
Event: 2764.495 GC heap before
{Heap before GC invocations=27 (full 3):
 PSYoungGen      total 58880K, used 56927K [0x00000000f5580000, 0x00000000fa600000, 0x0000000100000000)
  eden space 39424K, 100% used [0x00000000f5580000,0x00000000f7c00000,0x00000000f7c00000)
  from space 19456K, 89% used [0x00000000f7c80000,0x00000000f8d97e80,0x00000000f8f80000)
  to   space 21504K, 0% used [0x00000000f9100000,0x00000000f9100000,0x00000000fa600000)
 ParOldGen       total 67584K, used 23259K [0x00000000e0000000, 0x00000000e4200000, 0x00000000f5580000)
  object space 67584K, 34% used [0x00000000e0000000,0x00000000e16b6fc0,0x00000000e4200000)
 Metaspace       used 70788K, capacity 78334K, committed 78464K, reserved 1116160K
  class space    used 8752K, capacity 10857K, committed 10880K, reserved 1048576K
Event: 2764.514 GC heap after
Heap after GC invocations=27 (full 3):
 PSYoungGen      total 60416K, used 15970K [0x00000000f5580000, 0x00000000fa680000, 0x0000000100000000)
  eden space 38912K, 0% used [0x00000000f5580000,0x00000000f5580000,0x00000000f7b80000)
  from space 21504K, 74% used [0x00000000f9100000,0x00000000fa098868,0x00000000fa600000)
  to   space 22016K, 0% used [0x00000000f7b80000,0x00000000f7b80000,0x00000000f9100000)
 ParOldGen       total 67584K, used 23267K [0x00000000e0000000, 0x00000000e4200000, 0x00000000f5580000)
  object space 67584K, 34% used [0x00000000e0000000,0x00000000e16b8fc0,0x00000000e4200000)
 Metaspace       used 70788K, capacity 78334K, committed 78464K, reserved 1116160K
  class space    used 8752K, capacity 10857K, committed 10880K, reserved 1048576K
}
Event: 2818.645 GC heap before
{Heap before GC invocations=28 (full 3):
 PSYoungGen      total 60416K, used 54882K [0x00000000f5580000, 0x00000000fa680000, 0x0000000100000000)
  eden space 38912K, 100% used [0x00000000f5580000,0x00000000f7b80000,0x00000000f7b80000)
  from space 21504K, 74% used [0x00000000f9100000,0x00000000fa098868,0x00000000fa600000)
  to   space 22016K, 0% used [0x00000000f7b80000,0x00000000f7b80000,0x00000000f9100000)
 ParOldGen       total 67584K, used 23267K [0x00000000e0000000, 0x00000000e4200000, 0x00000000f5580000)
  object space 67584K, 34% used [0x00000000e0000000,0x00000000e16b8fc0,0x00000000e4200000)
 Metaspace       used 70954K, capacity 78404K, committed 78464K, reserved 1116160K
  class space    used 8753K, capacity 10858K, committed 10880K, reserved 1048576K
Event: 2818.659 GC heap after
Heap after GC invocations=28 (full 3):
 PSYoungGen      total 60416K, used 15653K [0x00000000f5580000, 0x00000000fa700000, 0x0000000100000000)
  eden space 38400K, 0% used [0x00000000f5580000,0x00000000f5580000,0x00000000f7b00000)
  from space 22016K, 71% used [0x00000000f7b80000,0x00000000f8ac9628,0x00000000f9100000)
  to   space 22528K, 0% used [0x00000000f9100000,0x00000000f9100000,0x00000000fa700000)
 ParOldGen       total 67584K, used 23275K [0x00000000e0000000, 0x00000000e4200000, 0x00000000f5580000)
  object space 67584K, 34% used [0x00000000e0000000,0x00000000e16bafc0,0x00000000e4200000)
 Metaspace       used 70954K, capacity 78404K, committed 78464K, reserved 1116160K
  class space    used 8753K, capacity 10858K, committed 10880K, reserved 1048576K
}
Event: 2875.793 GC heap before
{Heap before GC invocations=29 (full 3):
 PSYoungGen      total 60416K, used 54053K [0x00000000f5580000, 0x00000000fa700000, 0x0000000100000000)
  eden space 38400K, 100% used [0x00000000f5580000,0x00000000f7b00000,0x00000000f7b00000)
  from space 22016K, 71% used [0x00000000f7b80000,0x00000000f8ac9628,0x00000000f9100000)
  to   space 22528K, 0% used [0x00000000f9100000,0x00000000f9100000,0x00000000fa700000)
 ParOldGen       total 67584K, used 23275K [0x00000000e0000000, 0x00000000e4200000, 0x00000000f5580000)
  object space 67584K, 34% used [0x00000000e0000000,0x00000000e16bafc0,0x00000000e4200000)
 Metaspace       used 71233K, capacity 78712K, committed 79104K, reserved 1118208K
  class space    used 8788K, capacity 10896K, committed 11008K, reserved 1048576K
Event: 2875.802 GC heap after
Heap after GC invocations=29 (full 3):
 PSYoungGen      total 60416K, used 15807K [0x00000000f5580000, 0x00000000fa780000, 0x0000000100000000)
  eden space 37888K, 0% used [0x00000000f5580000,0x00000000f5580000,0x00000000f7a80000)
  from space 22528K, 70% used [0x00000000f9100000,0x00000000fa06fe58,0x00000000fa700000)
  to   space 23040K, 0% used [0x00000000f7a80000,0x00000000f7a80000,0x00000000f9100000)
 ParOldGen       total 67584K, used 23275K [0x00000000e0000000, 0x00000000e4200000, 0x00000000f5580000)
  object space 67584K, 34% used [0x00000000e0000000,0x00000000e16bafc0,0x00000000e4200000)
 Metaspace       used 71233K, capacity 78712K, committed 79104K, reserved 1118208K
  class space    used 8788K, capacity 10896K, committed 11008K, reserved 1048576K
}
Event: 2935.361 GC heap before
{Heap before GC invocations=30 (full 3):
 PSYoungGen      total 60416K, used 53695K [0x00000000f5580000, 0x00000000fa780000, 0x0000000100000000)
  eden space 37888K, 100% used [0x00000000f5580000,0x00000000f7a80000,0x00000000f7a80000)
  from space 22528K, 70% used [0x00000000f9100000,0x00000000fa06fe58,0x00000000fa700000)
  to   space 23040K, 0% used [0x00000000f7a80000,0x00000000f7a80000,0x00000000f9100000)
 ParOldGen       total 67584K, used 23275K [0x00000000e0000000, 0x00000000e4200000, 0x00000000f5580000)
  object space 67584K, 34% used [0x00000000e0000000,0x00000000e16bafc0,0x00000000e4200000)
 Metaspace       used 71296K, capacity 78780K, committed 79104K, reserved 1118208K
  class space    used 8788K, capacity 10896K, committed 11008K, reserved 1048576K
Event: 2935.375 GC heap after
Heap after GC invocations=30 (full 3):
 PSYoungGen      total 60416K, used 15768K [0x00000000f5580000, 0x00000000fa800000, 0x0000000100000000)
  eden space 37376K, 0% used [0x00000000f5580000,0x00000000f5580000,0x00000000f7a00000)
  from space 23040K, 68% used [0x00000000f7a80000,0x00000000f89e6218,0x00000000f9100000)
  to   space 23552K, 0% used [0x00000000f9100000,0x00000000f9100000,0x00000000fa800000)
 ParOldGen       total 67584K, used 23283K [0x00000000e0000000, 0x00000000e4200000, 0x00000000f5580000)
  object space 67584K, 34% used [0x00000000e0000000,0x00000000e16bcfc0,0x00000000e4200000)
 Metaspace       used 71296K, capacity 78780K, committed 79104K, reserved 1118208K
  class space    used 8788K, capacity 10896K, committed 11008K, reserved 1048576K
}

