# JRE version: Java(TM) SE Runtime Environment (8.0_131-b11) (build 1.8.0_131-b11)
# Java VM: Java HotSpot(TM) 64-Bit Server VM (25.131-b11 mixed mode windows-amd64 compressed oops)
Heap:
 PSYoungGen      total 139264K, used 52437K [0x00000000f5580000, 0x00000000ff300000, 0x0000000100000000)
  eden space 121344K, 43% used [0x00000000f5580000,0x00000000f88b55d0,0x00000000fcc00000)
  from space 17920K, 0% used [0x00000000fdf00000,0x00000000fdf00000,0x00000000ff080000)
  to   space 19456K, 0% used [0x00000000fcc00000,0x00000000fcc00000,0x00000000fdf00000)
 ParOldGen       total 51200K, used 27767K [0x00000000e0000000, 0x00000000e3200000, 0x00000000f5580000)
  object space 51200K, 54% used [0x00000000e0000000,0x00000000e1b1dd08,0x00000000e3200000)
 Metaspace       used 60487K, capacity 67040K, committed 67200K, reserved 1107968K
  class space    used 7677K, capacity 9476K, committed 9600K, reserved 1048576K
GC Heap History (10 events):
Event: 363.545 GC heap before
{Heap before GC invocations=9 (full 1):
 PSYoungGen      total 50176K, used 22658K [0x00000000f5580000, 0x00000000fba80000, 0x0000000100000000)
  eden space 40960K, 32% used [0x00000000f5580000,0x00000000f62a5b38,0x00000000f7d80000)
  from space 9216K, 99% used [0x00000000f7d80000,0x00000000f867ad00,0x00000000f8680000)
  to   space 12288K, 0% used [0x00000000fae80000,0x00000000fae80000,0x00000000fba80000)
 ParOldGen       total 31744K, used 16865K [0x00000000e0000000, 0x00000000e1f00000, 0x00000000f5580000)
  object space 31744K, 53% used [0x00000000e0000000,0x00000000e1078570,0x00000000e1f00000)
 Metaspace       used 32218K, capacity 35420K, committed 35496K, reserved 1079296K
  class space    used 3940K, capacity 4805K, committed 4864K, reserved 1048576K
Event: 363.552 GC heap after
Heap after GC invocations=9 (full 1):
 PSYoungGen      total 90624K, used 8363K [0x00000000f5580000, 0x00000000fbb80000, 0x0000000100000000)
  eden space 78336K, 0% used [0x00000000f5580000,0x00000000f5580000,0x00000000fa200000)
  from space 12288K, 68% used [0x00000000fae80000,0x00000000fb6aaf18,0x00000000fba80000)
  to   space 12800K, 0% used [0x00000000fa200000,0x00000000fa200000,0x00000000fae80000)
 ParOldGen       total 31744K, used 16873K [0x00000000e0000000, 0x00000000e1f00000, 0x00000000f5580000)
  object space 31744K, 53% used [0x00000000e0000000,0x00000000e107a570,0x00000000e1f00000)
 Metaspace       used 32218K, capacity 35420K, committed 35496K, reserved 1079296K
  class space    used 3940K, capacity 4805K, committed 4864K, reserved 1048576K
}
Event: 363.552 GC heap before
{Heap before GC invocations=10 (full 2):
 PSYoungGen      total 90624K, used 8363K [0x00000000f5580000, 0x00000000fbb80000, 0x0000000100000000)
  eden space 78336K, 0% used [0x00000000f5580000,0x00000000f5580000,0x00000000fa200000)
  from space 12288K, 68% used [0x00000000fae80000,0x00000000fb6aaf18,0x00000000fba80000)
  to   space 12800K, 0% used [0x00000000fa200000,0x00000000fa200000,0x00000000fae80000)
 ParOldGen       total 31744K, used 16873K [0x00000000e0000000, 0x00000000e1f00000, 0x00000000f5580000)
  object space 31744K, 53% used [0x00000000e0000000,0x00000000e107a570,0x00000000e1f00000)
 Metaspace       used 32218K, capacity 35420K, committed 35496K, reserved 1079296K
  class space    used 3940K, capacity 4805K, committed 4864K, reserved 1048576K
Event: 363.609 GC heap after
Heap after GC invocations=10 (full 2):
 PSYoungGen      total 90624K, used 0K [0x00000000f5580000, 0x00000000fbb80000, 0x0000000100000000)
  eden space 78336K, 0% used [0x00000000f5580000,0x00000000f5580000,0x00000000fa200000)
  from space 12288K, 0% used [0x00000000fae80000,0x00000000fae80000,0x00000000fba80000)
  to   space 12800K, 0% used [0x00000000fa200000,0x00000000fa200000,0x00000000fae80000)
 ParOldGen       total 35328K, used 16258K [0x00000000e0000000, 0x00000000e2280000, 0x00000000f5580000)
  object space 35328K, 46% used [0x00000000e0000000,0x00000000e0fe0828,0x00000000e2280000)
 Metaspace       used 32218K, capacity 35420K, committed 35496K, reserved 1079296K
  class space    used 3940K, capacity 4805K, committed 4864K, reserved 1048576K
}
Event: 365.413 GC heap before
{Heap before GC invocations=11 (full 2):
 PSYoungGen      total 90624K, used 78336K [0x00000000f5580000, 0x00000000fbb80000, 0x0000000100000000)
  eden space 78336K, 100% used [0x00000000f5580000,0x00000000fa200000,0x00000000fa200000)
  from space 12288K, 0% used [0x00000000fae80000,0x00000000fae80000,0x00000000fba80000)
  to   space 12800K, 0% used [0x00000000fa200000,0x00000000fa200000,0x00000000fae80000)
 ParOldGen       total 35328K, used 16258K [0x00000000e0000000, 0x00000000e2280000, 0x00000000f5580000)
  object space 35328K, 46% used [0x00000000e0000000,0x00000000e0fe0828,0x00000000e2280000)
 Metaspace       used 47726K, capacity 53116K, committed 53248K, reserved 1095680K
  class space    used 5916K, capacity 7383K, committed 7424K, reserved 1048576K
Event: 365.430 GC heap after
Heap after GC invocations=11 (full 2):
 PSYoungGen      total 91136K, used 12797K [0x00000000f5580000, 0x00000000ff080000, 0x0000000100000000)
  eden space 78336K, 0% used [0x00000000f5580000,0x00000000f5580000,0x00000000fa200000)
  from space 12800K, 99% used [0x00000000fa200000,0x00000000fae7f560,0x00000000fae80000)
  to   space 17920K, 0% used [0x00000000fdf00000,0x00000000fdf00000,0x00000000ff080000)
 ParOldGen       total 35328K, used 23718K [0x00000000e0000000, 0x00000000e2280000, 0x00000000f5580000)
  object space 35328K, 67% used [0x00000000e0000000,0x00000000e1729b10,0x00000000e2280000)
 Metaspace       used 47726K, capacity 53116K, committed 53248K, reserved 1095680K
  class space    used 5916K, capacity 7383K, committed 7424K, reserved 1048576K
}
Event: 373.553 GC heap before
{Heap before GC invocations=12 (full 2):
 PSYoungGen      total 91136K, used 91087K [0x00000000f5580000, 0x00000000ff080000, 0x0000000100000000)
  eden space 78336K, 99% used [0x00000000f5580000,0x00000000fa1f4a18,0x00000000fa200000)
  from space 12800K, 99% used [0x00000000fa200000,0x00000000fae7f560,0x00000000fae80000)
  to   space 17920K, 0% used [0x00000000fdf00000,0x00000000fdf00000,0x00000000ff080000)
 ParOldGen       total 35328K, used 23718K [0x00000000e0000000, 0x00000000e2280000, 0x00000000f5580000)
  object space 35328K, 67% used [0x00000000e0000000,0x00000000e1729b10,0x00000000e2280000)
 Metaspace       used 52736K, capacity 58976K, committed 59136K, reserved 1099776K
  class space    used 6620K, capacity 8334K, committed 8448K, reserved 1048576K
Event: 373.564 GC heap after
Heap after GC invocations=12 (full 2):
 PSYoungGen      total 139264K, used 14041K [0x00000000f5580000, 0x00000000ff300000, 0x0000000100000000)
  eden space 121344K, 0% used [0x00000000f5580000,0x00000000f5580000,0x00000000fcc00000)
  from space 17920K, 78% used [0x00000000fdf00000,0x00000000fecb6740,0x00000000ff080000)
  to   space 19456K, 0% used [0x00000000fcc00000,0x00000000fcc00000,0x00000000fdf00000)
 ParOldGen       total 35328K, used 23726K [0x00000000e0000000, 0x00000000e2280000, 0x00000000f5580000)
  object space 35328K, 67% used [0x00000000e0000000,0x00000000e172bb10,0x00000000e2280000)
 Metaspace       used 52736K, capacity 58976K, committed 59136K, reserved 1099776K
  class space    used 6620K, capacity 8334K, committed 8448K, reserved 1048576K
}
Event: 373.564 GC heap before
{Heap before GC invocations=13 (full 3):
 PSYoungGen      total 139264K, used 14041K [0x00000000f5580000, 0x00000000ff300000, 0x0000000100000000)
  eden space 121344K, 0% used [0x00000000f5580000,0x00000000f5580000,0x00000000fcc00000)
  from space 17920K, 78% used [0x00000000fdf00000,0x00000000fecb6740,0x00000000ff080000)
  to   space 19456K, 0% used [0x00000000fcc00000,0x00000000fcc00000,0x00000000fdf00000)
 ParOldGen       total 35328K, used 23726K [0x00000000e0000000, 0x00000000e2280000, 0x00000000f5580000)
  object space 35328K, 67% used [0x00000000e0000000,0x00000000e172bb10,0x00000000e2280000)
 Metaspace       used 52736K, capacity 58976K, committed 59136K, reserved 1099776K
  class space    used 6620K, capacity 8334K, committed 8448K, reserved 1048576K
Event: 373.720 GC heap after
Heap after GC invocations=13 (full 3):
 PSYoungGen      total 139264K, used 0K [0x00000000f5580000, 0x00000000ff300000, 0x0000000100000000)
  eden space 121344K, 0% used [0x00000000f5580000,0x00000000f5580000,0x00000000fcc00000)
  from space 17920K, 0% used [0x00000000fdf00000,0x00000000fdf00000,0x00000000ff080000)
  to   space 19456K, 0% used [0x00000000fcc00000,0x00000000fcc00000,0x00000000fdf00000)
 ParOldGen       total 51200K, used 27767K [0x00000000e0000000, 0x00000000e3200000, 0x00000000f5580000)
  object space 51200K, 54% used [0x00000000e0000000,0x00000000e1b1dd08,0x00000000e3200000)
 Metaspace       used 52731K, capacity 58966K, committed 59136K, reserved 1099776K
  class space    used 6618K, capacity 8331K, committed 8448K, reserved 1048576K
}

